{"/home/user/EAG-hack/orchestrator/src/domain/contribution.ts": {"path":"/home/user/EAG-hack/orchestrator/src/domain/contribution.ts","statementMap":{"0":{"start":{"line":24,"column":4},"end":{"line":26,"column":6}},"1":{"start":{"line":27,"column":4},"end":{"line":27,"column":34}},"2":{"start":{"line":33,"column":4},"end":{"line":33,"column":19}},"3":{"start":{"line":34,"column":4},"end":{"line":34,"column":40}},"4":{"start":{"line":40,"column":25},"end":{"line":40,"column":64}},"5":{"start":{"line":41,"column":4},"end":{"line":45,"column":5}},"6":{"start":{"line":42,"column":6},"end":{"line":44,"column":8}},"7":{"start":{"line":47,"column":21},"end":{"line":47,"column":69}},"8":{"start":{"line":47,"column":54},"end":{"line":47,"column":67}},"9":{"start":{"line":48,"column":21},"end":{"line":48,"column":52}},"10":{"start":{"line":50,"column":4},"end":{"line":61,"column":5}},"11":{"start":{"line":51,"column":19},"end":{"line":51,"column":46}},"12":{"start":{"line":55,"column":6},"end":{"line":55,"column":58}},"13":{"start":{"line":55,"column":17},"end":{"line":55,"column":58}},"14":{"start":{"line":56,"column":6},"end":{"line":58,"column":7}},"15":{"start":{"line":57,"column":8},"end":{"line":57,"column":110}},"16":{"start":{"line":59,"column":6},"end":{"line":59,"column":51}},"17":{"start":{"line":60,"column":6},"end":{"line":60,"column":43}},"18":{"start":{"line":63,"column":24},"end":{"line":63,"column":86}},"19":{"start":{"line":65,"column":4},"end":{"line":76,"column":5}},"20":{"start":{"line":68,"column":22},"end":{"line":68,"column":42}},"21":{"start":{"line":69,"column":28},"end":{"line":69,"column":63}},"22":{"start":{"line":70,"column":23},"end":{"line":70,"column":67}},"23":{"start":{"line":72,"column":20},"end":{"line":72,"column":87}},"24":{"start":{"line":73,"column":6},"end":{"line":73,"column":47}},"25":{"start":{"line":74,"column":6},"end":{"line":74,"column":73}},"26":{"start":{"line":75,"column":6},"end":{"line":75,"column":42}},"27":{"start":{"line":80,"column":4},"end":{"line":82,"column":84}},"28":{"start":{"line":81,"column":34},"end":{"line":81,"column":107}},"29":{"start":{"line":82,"column":23},"end":{"line":82,"column":81}},"30":{"start":{"line":94,"column":21},"end":{"line":94,"column":82}},"31":{"start":{"line":94,"column":51},"end":{"line":94,"column":77}},"32":{"start":{"line":95,"column":30},"end":{"line":95,"column":84}},"33":{"start":{"line":96,"column":4},"end":{"line":96,"column":80}},"34":{"start":{"line":100,"column":4},"end":{"line":104,"column":5}},"35":{"start":{"line":101,"column":6},"end":{"line":103,"column":8}},"36":{"start":{"line":105,"column":4},"end":{"line":109,"column":5}},"37":{"start":{"line":106,"column":6},"end":{"line":108,"column":8}},"38":{"start":{"line":110,"column":4},"end":{"line":114,"column":5}},"39":{"start":{"line":111,"column":6},"end":{"line":113,"column":8}}},"fnMap":{"0":{"name":"(anonymous_0)","decl":{"start":{"line":23,"column":2},"end":{"line":23,"column":14}},"loc":{"start":{"line":23,"column":27},"end":{"line":28,"column":3}}},"1":{"name":"(anonymous_1)","decl":{"start":{"line":32,"column":2},"end":{"line":32,"column":14}},"loc":{"start":{"line":32,"column":29},"end":{"line":35,"column":3}}},"2":{"name":"(anonymous_2)","decl":{"start":{"line":39,"column":2},"end":{"line":39,"column":11}},"loc":{"start":{"line":39,"column":57},"end":{"line":83,"column":3}}},"3":{"name":"(anonymous_3)","decl":{"start":{"line":47,"column":45},"end":{"line":47,"column":46}},"loc":{"start":{"line":47,"column":54},"end":{"line":47,"column":67}}},"4":{"name":"(anonymous_4)","decl":{"start":{"line":81,"column":11},"end":{"line":81,"column":12}},"loc":{"start":{"line":81,"column":34},"end":{"line":81,"column":107}}},"5":{"name":"(anonymous_5)","decl":{"start":{"line":82,"column":12},"end":{"line":82,"column":13}},"loc":{"start":{"line":82,"column":23},"end":{"line":82,"column":81}}},"6":{"name":"(anonymous_6)","decl":{"start":{"line":94,"column":37},"end":{"line":94,"column":38}},"loc":{"start":{"line":94,"column":51},"end":{"line":94,"column":77}}}},"branchMap":{"0":{"loc":{"start":{"line":41,"column":4},"end":{"line":45,"column":5}},"type":"if","locations":[{"start":{"line":41,"column":4},"end":{"line":45,"column":5}}]},"1":{"loc":{"start":{"line":55,"column":6},"end":{"line":55,"column":58}},"type":"if","locations":[{"start":{"line":55,"column":6},"end":{"line":55,"column":58}}]},"2":{"loc":{"start":{"line":56,"column":6},"end":{"line":58,"column":7}},"type":"if","locations":[{"start":{"line":56,"column":6},"end":{"line":58,"column":7}}]},"3":{"loc":{"start":{"line":69,"column":35},"end":{"line":69,"column":62}},"type":"binary-expr","locations":[{"start":{"line":69,"column":35},"end":{"line":69,"column":57}},{"start":{"line":69,"column":61},"end":{"line":69,"column":62}}]},"4":{"loc":{"start":{"line":70,"column":30},"end":{"line":70,"column":66}},"type":"binary-expr","locations":[{"start":{"line":70,"column":30},"end":{"line":70,"column":61}},{"start":{"line":70,"column":65},"end":{"line":70,"column":66}}]},"5":{"loc":{"start":{"line":72,"column":20},"end":{"line":72,"column":87}},"type":"binary-expr","locations":[{"start":{"line":72,"column":20},"end":{"line":72,"column":48}},{"start":{"line":72,"column":52},"end":{"line":72,"column":87}}]},"6":{"loc":{"start":{"line":82,"column":23},"end":{"line":82,"column":81}},"type":"cond-expr","locations":[{"start":{"line":82,"column":75},"end":{"line":82,"column":77}},{"start":{"line":82,"column":80},"end":{"line":82,"column":81}}]},"7":{"loc":{"start":{"line":100,"column":4},"end":{"line":104,"column":5}},"type":"if","locations":[{"start":{"line":100,"column":4},"end":{"line":104,"column":5}}]},"8":{"loc":{"start":{"line":100,"column":8},"end":{"line":100,"column":77}},"type":"binary-expr","locations":[{"start":{"line":100,"column":8},"end":{"line":100,"column":48}},{"start":{"line":100,"column":52},"end":{"line":100,"column":77}}]},"9":{"loc":{"start":{"line":105,"column":4},"end":{"line":109,"column":5}},"type":"if","locations":[{"start":{"line":105,"column":4},"end":{"line":109,"column":5}}]},"10":{"loc":{"start":{"line":110,"column":4},"end":{"line":114,"column":5}},"type":"if","locations":[{"start":{"line":110,"column":4},"end":{"line":114,"column":5}}]},"11":{"loc":{"start":{"line":110,"column":8},"end":{"line":110,"column":95}},"type":"binary-expr","locations":[{"start":{"line":110,"column":8},"end":{"line":110,"column":57}},{"start":{"line":110,"column":61},"end":{"line":110,"column":95}}]}},"s":{"0":1,"1":1,"2":5,"3":5,"4":1033,"5":1033,"6":1,"7":1032,"8":2064,"9":1032,"10":1032,"11":2058,"12":2058,"13":1,"14":2057,"15":1,"16":2056,"17":2053,"18":1027,"19":1027,"20":2054,"21":2054,"22":2054,"23":2054,"24":2054,"25":2054,"26":2054,"27":1027,"28":2054,"29":1027,"30":2054,"31":3081,"32":2054,"33":2054,"34":2056,"35":1,"36":2055,"37":1,"38":2054,"39":1},"f":{"0":1,"1":5,"2":1033,"3":2064,"4":2054,"5":1027,"6":3081},"b":{"0":[1],"1":[1],"2":[1],"3":[2054,2],"4":[2054,2],"5":[2054,2054],"6":[0,1027],"7":[1],"8":[2056,2056],"9":[1],"10":[1],"11":[2054,2054]}}
,"/home/user/EAG-hack/orchestrator/src/domain/energy.ts": {"path":"/home/user/EAG-hack/orchestrator/src/domain/energy.ts","statementMap":{"0":{"start":{"line":5,"column":36},"end":{"line":5,"column":46}},"1":{"start":{"line":22,"column":28},"end":{"line":22,"column":98}},"2":{"start":{"line":22,"column":68},"end":{"line":22,"column":96}},"3":{"start":{"line":25,"column":4},"end":{"line":25,"column":77}}},"fnMap":{"0":{"name":"(anonymous_0)","decl":{"start":{"line":21,"column":2},"end":{"line":21,"column":6}},"loc":{"start":{"line":21,"column":72},"end":{"line":26,"column":3}}},"1":{"name":"(anonymous_1)","decl":{"start":{"line":22,"column":50},"end":{"line":22,"column":51}},"loc":{"start":{"line":22,"column":68},"end":{"line":22,"column":96}}}},"branchMap":{},"s":{"0":1,"1":1020,"2":2040,"3":1020},"f":{"0":1020,"1":2040},"b":{}}
,"/home/user/EAG-hack/orchestrator/src/domain/maintenance.ts": {"path":"/home/user/EAG-hack/orchestrator/src/domain/maintenance.ts","statementMap":{"0":{"start":{"line":23,"column":4},"end":{"line":23,"column":50}}},"fnMap":{"0":{"name":"(anonymous_0)","decl":{"start":{"line":22,"column":2},"end":{"line":22,"column":9}},"loc":{"start":{"line":22,"column":40},"end":{"line":24,"column":3}}}},"branchMap":{},"s":{"0":1020},"f":{"0":1020},"b":{}}
,"/home/user/EAG-hack/orchestrator/src/domain/money.ts": {"path":"/home/user/EAG-hack/orchestrator/src/domain/money.ts","statementMap":{"0":{"start":{"line":12,"column":31},"end":{"line":12,"column":38}},"1":{"start":{"line":16,"column":4},"end":{"line":16,"column":53}},"2":{"start":{"line":17,"column":4},"end":{"line":17,"column":38}},"3":{"start":{"line":22,"column":2},"end":{"line":22,"column":61}},"4":{"start":{"line":22,"column":18},"end":{"line":22,"column":61}},"5":{"start":{"line":27,"column":2},"end":{"line":27,"column":38}},"6":{"start":{"line":28,"column":2},"end":{"line":30,"column":3}},"7":{"start":{"line":29,"column":4},"end":{"line":29,"column":55}},"8":{"start":{"line":31,"column":2},"end":{"line":31,"column":50}},"9":{"start":{"line":35,"column":2},"end":{"line":35,"column":56}},"10":{"start":{"line":35,"column":39},"end":{"line":35,"column":50}},"11":{"start":{"line":39,"column":2},"end":{"line":39,"column":23}},"12":{"start":{"line":62,"column":2},"end":{"line":62,"column":36}},"13":{"start":{"line":63,"column":2},"end":{"line":66,"column":3}},"14":{"start":{"line":64,"column":4},"end":{"line":64,"column":97}},"15":{"start":{"line":64,"column":20},"end":{"line":64,"column":97}},"16":{"start":{"line":65,"column":4},"end":{"line":65,"column":14}},"17":{"start":{"line":67,"column":2},"end":{"line":67,"column":68}},"18":{"start":{"line":67,"column":32},"end":{"line":67,"column":68}},"19":{"start":{"line":69,"column":22},"end":{"line":69,"column":34}},"20":{"start":{"line":70,"column":16},"end":{"line":70,"column":38}},"21":{"start":{"line":72,"column":25},"end":{"line":72,"column":27}},"22":{"start":{"line":73,"column":31},"end":{"line":73,"column":33}},"23":{"start":{"line":75,"column":2},"end":{"line":89,"column":3}},"24":{"start":{"line":76,"column":18},"end":{"line":76,"column":31}},"25":{"start":{"line":77,"column":17},"end":{"line":77,"column":30}},"26":{"start":{"line":78,"column":4},"end":{"line":82,"column":5}},"27":{"start":{"line":78,"column":17},"end":{"line":78,"column":18}},"28":{"start":{"line":79,"column":6},"end":{"line":79,"column":23}},"29":{"start":{"line":81,"column":6},"end":{"line":81,"column":50}},"30":{"start":{"line":84,"column":4},"end":{"line":88,"column":5}},"31":{"start":{"line":85,"column":24},"end":{"line":85,"column":38}},"32":{"start":{"line":86,"column":6},"end":{"line":86,"column":41}},"33":{"start":{"line":87,"column":6},"end":{"line":87,"column":47}},"34":{"start":{"line":91,"column":17},"end":{"line":91,"column":34}},"35":{"start":{"line":94,"column":16},"end":{"line":96,"column":107}},"36":{"start":{"line":95,"column":32},"end":{"line":95,"column":52}},"37":{"start":{"line":96,"column":21},"end":{"line":96,"column":105}},"38":{"start":{"line":98,"column":2},"end":{"line":102,"column":3}},"39":{"start":{"line":99,"column":4},"end":{"line":99,"column":31}},"40":{"start":{"line":99,"column":25},"end":{"line":99,"column":31}},"41":{"start":{"line":100,"column":4},"end":{"line":100,"column":43}},"42":{"start":{"line":101,"column":4},"end":{"line":101,"column":19}},"43":{"start":{"line":104,"column":2},"end":{"line":104,"column":14}}},"fnMap":{"0":{"name":"(anonymous_0)","decl":{"start":{"line":15,"column":2},"end":{"line":15,"column":14}},"loc":{"start":{"line":15,"column":41},"end":{"line":18,"column":3}}},"1":{"name":"assertNonNegative","decl":{"start":{"line":21,"column":16},"end":{"line":21,"column":33}},"loc":{"start":{"line":21,"column":61},"end":{"line":23,"column":1}}},"2":{"name":"applyBps","decl":{"start":{"line":26,"column":16},"end":{"line":26,"column":24}},"loc":{"start":{"line":26,"column":49},"end":{"line":32,"column":1}}},"3":{"name":"sum","decl":{"start":{"line":34,"column":16},"end":{"line":34,"column":19}},"loc":{"start":{"line":34,"column":45},"end":{"line":36,"column":1}}},"4":{"name":"(anonymous_4)","decl":{"start":{"line":35,"column":23},"end":{"line":35,"column":24}},"loc":{"start":{"line":35,"column":39},"end":{"line":35,"column":50}}},"5":{"name":"min","decl":{"start":{"line":38,"column":16},"end":{"line":38,"column":19}},"loc":{"start":{"line":38,"column":40},"end":{"line":40,"column":1}}},"6":{"name":"splitByWeight","decl":{"start":{"line":61,"column":16},"end":{"line":61,"column":29}},"loc":{"start":{"line":61,"column":68},"end":{"line":105,"column":1}}},"7":{"name":"(anonymous_7)","decl":{"start":{"line":95,"column":9},"end":{"line":95,"column":10}},"loc":{"start":{"line":95,"column":32},"end":{"line":95,"column":52}}},"8":{"name":"(anonymous_8)","decl":{"start":{"line":96,"column":10},"end":{"line":96,"column":11}},"loc":{"start":{"line":96,"column":21},"end":{"line":96,"column":105}}}},"branchMap":{"0":{"loc":{"start":{"line":22,"column":2},"end":{"line":22,"column":61}},"type":"if","locations":[{"start":{"line":22,"column":2},"end":{"line":22,"column":61}}]},"1":{"loc":{"start":{"line":28,"column":2},"end":{"line":30,"column":3}},"type":"if","locations":[{"start":{"line":28,"column":2},"end":{"line":30,"column":3}}]},"2":{"loc":{"start":{"line":28,"column":6},"end":{"line":28,"column":72}},"type":"binary-expr","locations":[{"start":{"line":28,"column":6},"end":{"line":28,"column":28}},{"start":{"line":28,"column":32},"end":{"line":28,"column":39}},{"start":{"line":28,"column":43},"end":{"line":28,"column":72}}]},"3":{"loc":{"start":{"line":39,"column":9},"end":{"line":39,"column":22}},"type":"cond-expr","locations":[{"start":{"line":39,"column":17},"end":{"line":39,"column":18}},{"start":{"line":39,"column":21},"end":{"line":39,"column":22}}]},"4":{"loc":{"start":{"line":63,"column":2},"end":{"line":66,"column":3}},"type":"if","locations":[{"start":{"line":63,"column":2},"end":{"line":66,"column":3}}]},"5":{"loc":{"start":{"line":64,"column":4},"end":{"line":64,"column":97}},"type":"if","locations":[{"start":{"line":64,"column":4},"end":{"line":64,"column":97}}]},"6":{"loc":{"start":{"line":75,"column":2},"end":{"line":89,"column":3}},"type":"if","locations":[{"start":{"line":75,"column":2},"end":{"line":89,"column":3}},{"start":{"line":83,"column":9},"end":{"line":89,"column":3}}]},"7":{"loc":{"start":{"line":81,"column":22},"end":{"line":81,"column":48}},"type":"cond-expr","locations":[{"start":{"line":81,"column":41},"end":{"line":81,"column":43}},{"start":{"line":81,"column":46},"end":{"line":81,"column":48}}]},"8":{"loc":{"start":{"line":96,"column":21},"end":{"line":96,"column":105}},"type":"cond-expr","locations":[{"start":{"line":96,"column":51},"end":{"line":96,"column":68}},{"start":{"line":96,"column":71},"end":{"line":96,"column":105}}]},"9":{"loc":{"start":{"line":96,"column":71},"end":{"line":96,"column":105}},"type":"cond-expr","locations":[{"start":{"line":96,"column":99},"end":{"line":96,"column":101}},{"start":{"line":96,"column":104},"end":{"line":96,"column":105}}]},"10":{"loc":{"start":{"line":99,"column":4},"end":{"line":99,"column":31}},"type":"if","locations":[{"start":{"line":99,"column":4},"end":{"line":99,"column":31}}]},"11":{"loc":{"start":{"line":100,"column":19},"end":{"line":100,"column":36}},"type":"binary-expr","locations":[{"start":{"line":100,"column":19},"end":{"line":100,"column":30}},{"start":{"line":100,"column":34},"end":{"line":100,"column":36}}]}},"s":{"0":3,"1":4,"2":4,"3":42490,"4":4,"5":1029,"6":1028,"7":3,"8":1025,"9":17596,"10":93887,"11":1020,"12":6029,"13":6028,"14":2,"15":1,"16":1,"17":6026,"18":33391,"19":6025,"20":6025,"21":6025,"22":6025,"23":6025,"24":4,"25":4,"26":4,"27":4,"28":6,"29":6,"30":6021,"31":33383,"32":33383,"33":33383,"34":6025,"35":6025,"36":33389,"37":62768,"38":6025,"39":22022,"40":6025,"41":15997,"42":15997,"43":6025},"f":{"0":4,"1":42490,"2":1029,"3":17596,"4":93887,"5":1020,"6":6029,"7":33389,"8":62768},"b":{"0":[4],"1":[3],"2":[1028,1027,1026],"3":[825,195],"4":[2],"5":[1],"6":[4,6021],"7":[1,5],"8":[431,62337],"9":[33670,28667],"10":[6025],"11":[15997,0]}}
,"/home/user/EAG-hack/orchestrator/src/domain/settlement.ts": {"path":"/home/user/EAG-hack/orchestrator/src/domain/settlement.ts","statementMap":{"0":{"start":{"line":25,"column":4},"end":{"line":25,"column":19}},"1":{"start":{"line":26,"column":4},"end":{"line":26,"column":47}},"2":{"start":{"line":47,"column":4},"end":{"line":47,"column":40}},"3":{"start":{"line":48,"column":4},"end":{"line":48,"column":26}},"4":{"start":{"line":49,"column":4},"end":{"line":49,"column":36}},"5":{"start":{"line":68,"column":41},"end":{"line":68,"column":46}},"6":{"start":{"line":69,"column":30},"end":{"line":69,"column":59}},"7":{"start":{"line":71,"column":4},"end":{"line":71,"column":38}},"8":{"start":{"line":72,"column":4},"end":{"line":72,"column":62}},"9":{"start":{"line":74,"column":26},"end":{"line":74,"column":74}},"10":{"start":{"line":76,"column":24},"end":{"line":76,"column":64}},"11":{"start":{"line":77,"column":22},"end":{"line":77,"column":41}},"12":{"start":{"line":79,"column":22},"end":{"line":79,"column":82}},"13":{"start":{"line":80,"column":23},"end":{"line":80,"column":48}},"14":{"start":{"line":81,"column":30},"end":{"line":81,"column":52}},"15":{"start":{"line":83,"column":25},"end":{"line":83,"column":47}},"16":{"start":{"line":84,"column":19},"end":{"line":86,"column":null}},"17":{"start":{"line":86,"column":42},"end":{"line":86,"column":61}},"18":{"start":{"line":89,"column":47},"end":{"line":93,"column":7}},"19":{"start":{"line":89,"column":91},"end":{"line":93,"column":6}},"20":{"start":{"line":95,"column":40},"end":{"line":99,"column":6}},"21":{"start":{"line":101,"column":35},"end":{"line":110,"column":6}},"22":{"start":{"line":115,"column":4},"end":{"line":115,"column":38}},"23":{"start":{"line":117,"column":4},"end":{"line":117,"column":22}},"24":{"start":{"line":121,"column":18},"end":{"line":121,"column":72}},"25":{"start":{"line":121,"column":57},"end":{"line":121,"column":70}},"26":{"start":{"line":122,"column":4},"end":{"line":126,"column":5}},"27":{"start":{"line":123,"column":6},"end":{"line":125,"column":8}},"28":{"start":{"line":136,"column":2},"end":{"line":140,"column":3}},"29":{"start":{"line":137,"column":4},"end":{"line":139,"column":6}},"30":{"start":{"line":141,"column":2},"end":{"line":145,"column":3}},"31":{"start":{"line":142,"column":4},"end":{"line":144,"column":6}},"32":{"start":{"line":146,"column":2},"end":{"line":150,"column":3}},"33":{"start":{"line":147,"column":4},"end":{"line":149,"column":6}},"34":{"start":{"line":152,"column":15},"end":{"line":152,"column":32}},"35":{"start":{"line":153,"column":2},"end":{"line":159,"column":3}},"36":{"start":{"line":154,"column":16},"end":{"line":154,"column":39}},"37":{"start":{"line":155,"column":4},"end":{"line":157,"column":5}},"38":{"start":{"line":156,"column":6},"end":{"line":156,"column":106}},"39":{"start":{"line":158,"column":4},"end":{"line":158,"column":18}},"40":{"start":{"line":161,"column":16},"end":{"line":161,"column":76}},"41":{"start":{"line":162,"column":2},"end":{"line":166,"column":3}},"42":{"start":{"line":163,"column":4},"end":{"line":165,"column":6}}},"fnMap":{"0":{"name":"(anonymous_0)","decl":{"start":{"line":24,"column":2},"end":{"line":24,"column":14}},"loc":{"start":{"line":24,"column":29},"end":{"line":27,"column":3}}},"1":{"name":"(anonymous_1)","decl":{"start":{"line":42,"column":2},"end":{"line":42,"column":null}},"loc":{"start":{"line":45,"column":68},"end":{"line":50,"column":3}}},"2":{"name":"(anonymous_2)","decl":{"start":{"line":67,"column":2},"end":{"line":67,"column":7}},"loc":{"start":{"line":67,"column":30},"end":{"line":118,"column":3}}},"3":{"name":"(anonymous_3)","decl":{"start":{"line":86,"column":24},"end":{"line":86,"column":25}},"loc":{"start":{"line":86,"column":42},"end":{"line":86,"column":61}}},"4":{"name":"(anonymous_4)","decl":{"start":{"line":89,"column":65},"end":{"line":89,"column":66}},"loc":{"start":{"line":89,"column":91},"end":{"line":93,"column":6}}},"5":{"name":"(anonymous_5)","decl":{"start":{"line":121,"column":45},"end":{"line":121,"column":46}},"loc":{"start":{"line":121,"column":57},"end":{"line":121,"column":70}}},"6":{"name":"assertPublishable","decl":{"start":{"line":135,"column":16},"end":{"line":135,"column":33}},"loc":{"start":{"line":135,"column":76},"end":{"line":167,"column":1}}}},"branchMap":{"0":{"loc":{"start":{"line":43,"column":4},"end":{"line":43,"column":88}},"type":"default-arg","locations":[{"start":{"line":43,"column":44},"end":{"line":43,"column":88}}]},"1":{"loc":{"start":{"line":44,"column":4},"end":{"line":44,"column":67}},"type":"default-arg","locations":[{"start":{"line":44,"column":35},"end":{"line":44,"column":67}}]},"2":{"loc":{"start":{"line":45,"column":4},"end":{"line":45,"column":68}},"type":"default-arg","locations":[{"start":{"line":45,"column":37},"end":{"line":45,"column":68}}]},"3":{"loc":{"start":{"line":69,"column":30},"end":{"line":69,"column":59}},"type":"binary-expr","locations":[{"start":{"line":69,"column":30},"end":{"line":69,"column":53}},{"start":{"line":69,"column":57},"end":{"line":69,"column":59}}]},"4":{"loc":{"start":{"line":91,"column":14},"end":{"line":91,"column":33}},"type":"binary-expr","locations":[{"start":{"line":91,"column":14},"end":{"line":91,"column":27}},{"start":{"line":91,"column":31},"end":{"line":91,"column":33}}]},"5":{"loc":{"start":{"line":122,"column":4},"end":{"line":126,"column":5}},"type":"if","locations":[{"start":{"line":122,"column":4},"end":{"line":126,"column":5}}]},"6":{"loc":{"start":{"line":136,"column":2},"end":{"line":140,"column":3}},"type":"if","locations":[{"start":{"line":136,"column":2},"end":{"line":140,"column":3}}]},"7":{"loc":{"start":{"line":141,"column":2},"end":{"line":145,"column":3}},"type":"if","locations":[{"start":{"line":141,"column":2},"end":{"line":145,"column":3}}]},"8":{"loc":{"start":{"line":146,"column":2},"end":{"line":150,"column":3}},"type":"if","locations":[{"start":{"line":146,"column":2},"end":{"line":150,"column":3}}]},"9":{"loc":{"start":{"line":155,"column":4},"end":{"line":157,"column":5}},"type":"if","locations":[{"start":{"line":155,"column":4},"end":{"line":157,"column":5}}]},"10":{"loc":{"start":{"line":162,"column":2},"end":{"line":166,"column":3}},"type":"if","locations":[{"start":{"line":162,"column":2},"end":{"line":166,"column":3}}]}},"s":{"0":4,"1":4,"2":1,"3":1,"4":1,"5":1021,"6":1021,"7":1021,"8":1020,"9":1020,"10":1020,"11":1020,"12":1020,"13":1020,"14":1020,"15":1020,"16":1020,"17":2040,"18":1020,"19":2040,"20":1020,"21":1020,"22":1020,"23":1020,"24":1020,"25":4080,"26":1020,"27":0,"28":6,"29":1,"30":5,"31":1,"32":4,"33":0,"34":4,"35":4,"36":17,"37":17,"38":1,"39":16,"40":3,"41":3,"42":1},"f":{"0":4,"1":1,"2":1021,"3":2040,"4":2040,"5":4080,"6":6},"b":{"0":[1],"1":[1],"2":[1],"3":[1021,520],"4":[2040,0],"5":[0],"6":[1],"7":[1],"8":[0],"9":[1],"10":[1]}}
,"/home/user/EAG-hack/orchestrator/src/domain/telemetryHash.ts": {"path":"/home/user/EAG-hack/orchestrator/src/domain/telemetryHash.ts","statementMap":{"0":{"start":{"line":20,"column":15},"end":{"line":26,"column":7}},"1":{"start":{"line":21,"column":21},"end":{"line":21,"column":71}},"2":{"start":{"line":22,"column":19},"end":{"line":26,"column":6}},"3":{"start":{"line":28,"column":2},"end":{"line":33,"column":5}},"4":{"start":{"line":37,"column":2},"end":{"line":37,"column":66}}},"fnMap":{"0":{"name":"canonicalizeTelemetry","decl":{"start":{"line":19,"column":16},"end":{"line":19,"column":37}},"loc":{"start":{"line":19,"column":63},"end":{"line":34,"column":1}}},"1":{"name":"(anonymous_1)","decl":{"start":{"line":21,"column":10},"end":{"line":21,"column":11}},"loc":{"start":{"line":21,"column":21},"end":{"line":21,"column":71}}},"2":{"name":"(anonymous_2)","decl":{"start":{"line":22,"column":9},"end":{"line":22,"column":10}},"loc":{"start":{"line":22,"column":19},"end":{"line":26,"column":6}}},"3":{"name":"hashTelemetry","decl":{"start":{"line":36,"column":16},"end":{"line":36,"column":29}},"loc":{"start":{"line":36,"column":55},"end":{"line":38,"column":1}}}},"branchMap":{"0":{"loc":{"start":{"line":21,"column":21},"end":{"line":21,"column":71}},"type":"cond-expr","locations":[{"start":{"line":21,"column":41},"end":{"line":21,"column":43}},{"start":{"line":21,"column":46},"end":{"line":21,"column":71}}]},"1":{"loc":{"start":{"line":21,"column":46},"end":{"line":21,"column":71}},"type":"cond-expr","locations":[{"start":{"line":21,"column":66},"end":{"line":21,"column":67}},{"start":{"line":21,"column":70},"end":{"line":21,"column":71}}]}},"s":{"0":8,"1":2,"2":10,"3":8,"4":7},"f":{"0":8,"1":2,"2":10,"3":7},"b":{"0":[1,1],"1":[1,0]}}
}
