TN:
SF:src/domain/contribution.ts
FN:23,(anonymous_0)
FN:32,(anonymous_1)
FN:39,(anonymous_2)
FN:47,(anonymous_3)
FN:81,(anonymous_4)
FN:82,(anonymous_5)
FN:94,(anonymous_6)
FNF:7
FNH:7
FNDA:1,(anonymous_0)
FNDA:5,(anonymous_1)
FNDA:1033,(anonymous_2)
FNDA:2064,(anonymous_3)
FNDA:2054,(anonymous_4)
FNDA:1027,(anonymous_5)
FNDA:3081,(anonymous_6)
DA:24,1
DA:27,1
DA:33,5
DA:34,5
DA:40,1033
DA:41,1033
DA:42,1
DA:47,2064
DA:48,1032
DA:50,1032
DA:51,2058
DA:55,2058
DA:56,2057
DA:57,1
DA:59,2056
DA:60,2053
DA:63,1027
DA:65,1027
DA:68,2054
DA:69,2054
DA:70,2054
DA:72,2054
DA:73,2054
DA:74,2054
DA:75,2054
DA:80,1027
DA:81,2054
DA:82,1027
DA:94,3081
DA:95,2054
DA:96,2054
DA:100,2056
DA:101,1
DA:105,2055
DA:106,1
DA:110,2054
DA:111,1
LF:37
LH:37
BRDA:41,0,0,1
BRDA:55,1,0,1
BRDA:56,2,0,1
BRDA:69,3,0,2054
BRDA:69,3,1,2
BRDA:70,4,0,2054
BRDA:70,4,1,2
BRDA:72,5,0,2054
BRDA:72,5,1,2054
BRDA:82,6,0,0
BRDA:82,6,1,1027
BRDA:100,7,0,1
BRDA:100,8,0,2056
BRDA:100,8,1,2056
BRDA:105,9,0,1
BRDA:110,10,0,1
BRDA:110,11,0,2054
BRDA:110,11,1,2054
BRF:18
BRH:17
end_of_record
TN:
SF:src/domain/energy.ts
FN:21,(anonymous_0)
FN:22,(anonymous_1)
FNF:2
FNH:2
FNDA:1020,(anonymous_0)
FNDA:2040,(anonymous_1)
DA:5,1
DA:22,2040
DA:25,1020
LF:3
LH:3
BRF:0
BRH:0
end_of_record
TN:
SF:src/domain/maintenance.ts
FN:22,(anonymous_0)
FNF:1
FNH:1
FNDA:1020,(anonymous_0)
DA:23,1020
LF:1
LH:1
BRF:0
BRH:0
end_of_record
TN:
SF:src/domain/money.ts
FN:15,(anonymous_0)
FN:21,assertNonNegative
FN:26,applyBps
FN:34,sum
FN:35,(anonymous_4)
FN:38,min
FN:61,splitByWeight
FN:95,(anonymous_7)
FN:96,(anonymous_8)
FNF:9
FNH:9
FNDA:4,(anonymous_0)
FNDA:42490,assertNonNegative
FNDA:1029,applyBps
FNDA:17596,sum
FNDA:93887,(anonymous_4)
FNDA:1020,min
FNDA:6029,splitByWeight
FNDA:33389,(anonymous_7)
FNDA:62768,(anonymous_8)
DA:12,3
DA:16,4
DA:17,4
DA:22,42490
DA:27,1029
DA:28,1028
DA:29,3
DA:31,1025
DA:35,93887
DA:39,1020
DA:62,6029
DA:63,6028
DA:64,2
DA:65,1
DA:67,33391
DA:69,6025
DA:70,6025
DA:72,6025
DA:73,6025
DA:75,6025
DA:76,4
DA:77,4
DA:78,4
DA:79,6
DA:81,6
DA:84,6021
DA:85,33383
DA:86,33383
DA:87,33383
DA:91,6025
DA:94,6025
DA:95,33389
DA:96,62768
DA:98,6025
DA:99,22022
DA:100,15997
DA:101,15997
DA:104,6025
LF:38
LH:38
BRDA:22,0,0,4
BRDA:28,1,0,3
BRDA:28,2,0,1028
BRDA:28,2,1,1027
BRDA:28,2,2,1026
BRDA:39,3,0,825
BRDA:39,3,1,195
BRDA:63,4,0,2
BRDA:64,5,0,1
BRDA:75,6,0,4
BRDA:75,6,1,6021
BRDA:81,7,0,1
BRDA:81,7,1,5
BRDA:96,8,0,431
BRDA:96,8,1,62337
BRDA:96,9,0,33670
BRDA:96,9,1,28667
BRDA:99,10,0,6025
BRDA:100,11,0,15997
BRDA:100,11,1,0
BRF:20
BRH:19
end_of_record
TN:
SF:src/domain/settlement.ts
FN:24,(anonymous_0)
FN:42,(anonymous_1)
FN:67,(anonymous_2)
FN:86,(anonymous_3)
FN:89,(anonymous_4)
FN:121,(anonymous_5)
FN:135,assertPublishable
FNF:7
FNH:7
FNDA:4,(anonymous_0)
FNDA:1,(anonymous_1)
FNDA:1021,(anonymous_2)
FNDA:2040,(anonymous_3)
FNDA:2040,(anonymous_4)
FNDA:4080,(anonymous_5)
FNDA:6,assertPublishable
DA:25,4
DA:26,4
DA:47,1
DA:48,1
DA:49,1
DA:68,1021
DA:69,1021
DA:71,1021
DA:72,1020
DA:74,1020
DA:76,1020
DA:77,1020
DA:79,1020
DA:80,1020
DA:81,1020
DA:83,1020
DA:84,1020
DA:86,2040
DA:89,2040
DA:95,1020
DA:101,1020
DA:115,1020
DA:117,1020
DA:121,4080
DA:122,1020
DA:123,0
DA:136,6
DA:137,1
DA:141,5
DA:142,1
DA:146,4
DA:147,0
DA:152,4
DA:153,4
DA:154,17
DA:155,17
DA:156,1
DA:158,16
DA:161,3
DA:162,3
DA:163,1
LF:41
LH:39
BRDA:43,0,0,1
BRDA:44,1,0,1
BRDA:45,2,0,1
BRDA:69,3,0,1021
BRDA:69,3,1,520
BRDA:91,4,0,2040
BRDA:91,4,1,0
BRDA:122,5,0,0
BRDA:136,6,0,1
BRDA:141,7,0,1
BRDA:146,8,0,0
BRDA:155,9,0,1
BRDA:162,10,0,1
BRF:13
BRH:10
end_of_record
TN:
SF:src/domain/telemetryHash.ts
FN:19,canonicalizeTelemetry
FN:21,(anonymous_1)
FN:22,(anonymous_2)
FN:36,hashTelemetry
FNF:4
FNH:4
FNDA:8,canonicalizeTelemetry
FNDA:2,(anonymous_1)
FNDA:10,(anonymous_2)
FNDA:7,hashTelemetry
DA:20,8
DA:21,2
DA:22,10
DA:28,8
DA:37,7
LF:5
LH:5
BRDA:21,0,0,1
BRDA:21,0,1,1
BRDA:21,1,0,1
BRDA:21,1,1,0
BRF:4
BRH:3
end_of_record
